<?xml version="1.0" encoding="UTF-8"?>
<!-- Generated by org.testng.reporters.JUnitReportReporter -->
<testsuite hostname="PC-C02X50H9JGH8" failures="0" tests="1" name="apiChainingEmployee.EndToEndEmployeeTest" time="6.678" errors="0" timestamp="05 June 2022 06:01:12 GMT" skipped="0">
  <testcase classname="apiChainingEmployee.EndToEndEmployeeTest" name="test1" time="6.678"/>
</testsuite> <!-- apiChainingEmployee.EndToEndEmployeeTest -->
